
INFO [2023-10-30T19:01:06.169Z]: project_reinitialize_success
INFO [2023-10-30T19:01:06.169Z]: {"agent":"cosine-vscode","version":"1.0.6","package":"@cosine/analytics"}
INFO [2023-10-30T19:01:06.229Z]: project_reinitialize_success
INFO [2023-10-30T19:01:06.229Z]: {"agent":"cosine-vscode","version":"1.0.6","package":"@cosine/analytics"}
INFO [2023-10-30T19:01:06.940Z]: project_reinitialize_start
INFO [2023-10-30T19:01:06.940Z]: {"agent":"cosine-vscode","version":"1.0.6","package":"@cosine/analytics"}
INFO [2023-10-30T19:01:07.000Z]: project_reinitialize_success
INFO [2023-10-30T19:01:07.000Z]: {"agent":"cosine-vscode","version":"1.0.6","package":"@cosine/analytics"}
INFO [2023-10-30T21:25:54.884Z]: project_reinitialize_start
INFO [2023-10-30T21:25:54.884Z]: {"agent":"cosine-vscode","version":"1.0.6","package":"@cosine/analytics"}
INFO [2023-10-30T21:25:55.041Z]: project_reinitialize_success
INFO [2023-10-30T21:25:55.041Z]: {"agent":"cosine-vscode","version":"1.0.6","package":"@cosine/analytics"}
INFO [2023-10-30T21:25:57.101Z]: project_reinitialize_start
INFO [2023-10-30T21:25:57.101Z]: {"agent":"cosine-vscode","version":"1.0.6","package":"@cosine/analytics"}
INFO [2023-10-30T21:25:57.172Z]: project_reinitialize_success
INFO [2023-10-30T21:25:57.172Z]: {"agent":"cosine-vscode","version":"1.0.6","package":"@cosine/analytics"}
INFO [2023-10-30T21:26:04.108Z]: project_reinitialize_start
INFO [2023-10-30T21:26:04.108Z]: {"agent":"cosine-vscode","version":"1.0.6","package":"@cosine/analytics"}
INFO [2023-10-30T21:26:04.227Z]: project_reinitialize_success
INFO [2023-10-30T21:26:04.228Z]: {"agent":"cosine-vscode","version":"1.0.6","package":"@cosine/analytics"}
INFO [2023-10-30T21:29:45.960Z]: opened
INFO [2023-10-30T21:29:45.960Z]: {"agent":"cosine-vscode","version":"1.0.6","package":"@cosine/analytics","token":"1803ee20efed77dfecbf705fb8dc4c18","mp_lib":"node","$lib_version":"0.17.0"}
INFO [2023-10-30T21:47:21.887Z]: opened
INFO [2023-10-30T21:47:21.887Z]: {"agent":"cosine-vscode","version":"1.0.6","package":"@cosine/analytics","token":"1803ee20efed77dfecbf705fb8dc4c18","mp_lib":"node","$lib_version":"0.17.0"}
INFO [2023-10-31T07:01:10.981Z]: opened
INFO [2023-10-31T07:01:10.981Z]: {"agent":"cosine-vscode","version":"1.0.6","package":"@cosine/analytics","token":"1803ee20efed77dfecbf705fb8dc4c18","mp_lib":"node","$lib_version":"0.17.0"}
INFO [2023-10-31T07:06:16.753Z]: opened
INFO [2023-10-31T07:06:16.754Z]: {"agent":"cosine-vscode","version":"1.0.6","package":"@cosine/analytics","token":"1803ee20efed77dfecbf705fb8dc4c18","mp_lib":"node","$lib_version":"0.17.0"}
INFO [2023-10-31T07:08:51.925Z]: Set User: everpadd4@gmail.com
INFO [2023-10-31T07:08:51.926Z]: {"Telemetry":true}
INFO [2023-10-31T07:08:52.432Z]: project_reinitialize_start
INFO [2023-10-31T07:08:52.438Z]: extension_initialized
INFO [2023-10-31T07:08:54.051Z]: project_reinitialize_success
INFO [2023-10-31T07:08:54.052Z]: {"agent":"cosine-vscode","version":"1.0.6","package":"@cosine/analytics"}
INFO [2023-10-31T07:27:00.989Z]: project_reinitialize_start
INFO [2023-10-31T07:27:01.016Z]: {"agent":"cosine-vscode","version":"1.0.6","package":"@cosine/analytics"}
INFO [2023-10-31T07:27:03.162Z]: project_reinitialize_success
INFO [2023-10-31T07:27:03.162Z]: {"agent":"cosine-vscode","version":"1.0.6","package":"@cosine/analytics"}
INFO [2023-10-31T07:27:03.332Z]: project_reinitialize_success
INFO [2023-10-31T07:27:03.332Z]: {"agent":"cosine-vscode","version":"1.0.6","package":"@cosine/analytics"}
INFO [2023-10-31T07:27:03.502Z]: project_reinitialize_success
INFO [2023-10-31T07:27:03.502Z]: {"agent":"cosine-vscode","version":"1.0.6","package":"@cosine/analytics"}
INFO [2023-10-31T07:27:07.727Z]: project_reinitialize_start
INFO [2023-10-31T07:27:07.742Z]: {"agent":"cosine-vscode","version":"1.0.6","package":"@cosine/analytics"}
INFO [2023-10-31T07:27:09.144Z]: project_reinitialize_success
INFO [2023-10-31T07:27:09.144Z]: {"agent":"cosine-vscode","version":"1.0.6","package":"@cosine/analytics"}
INFO [2023-10-31T07:27:09.275Z]: project_reinitialize_success
INFO [2023-10-31T07:27:09.275Z]: {"agent":"cosine-vscode","version":"1.0.6","package":"@cosine/analytics"}
INFO [2023-10-31T07:27:36.765Z]: project_reinitialize_start
INFO [2023-10-31T07:27:36.790Z]: {"agent":"cosine-vscode","version":"1.0.6","package":"@cosine/analytics"}
INFO [2023-10-31T07:27:40.014Z]: project_reinitialize_success
INFO [2023-10-31T07:27:40.014Z]: {"agent":"cosine-vscode","version":"1.0.6","package":"@cosine/analytics"}
INFO [2023-10-31T07:27:40.195Z]: project_reinitialize_success
INFO [2023-10-31T07:27:40.195Z]: {"agent":"cosine-vscode","version":"1.0.6","package":"@cosine/analytics"}
INFO [2023-10-31T07:27:40.328Z]: project_reinitialize_success
INFO [2023-10-31T07:27:40.328Z]: {"agent":"cosine-vscode","version":"1.0.6","package":"@cosine/analytics"}
INFO [2024-01-02T16:45:22.070Z]: opened
INFO [2024-01-02T16:45:22.071Z]: {"agent":"cosine-vscode","version":"1.1.1","package":"@cosine/analytics","token":"1803ee20efed77dfecbf705fb8dc4c18","mp_lib":"node","$lib_version":"0.17.0"}
INFO [2024-01-02T16:46:32.802Z]: opened
INFO [2024-01-02T16:46:32.802Z]: {"agent":"cosine-vscode","version":"1.1.1","package":"@cosine/analytics","token":"1803ee20efed77dfecbf705fb8dc4c18","mp_lib":"node","$lib_version":"0.17.0"}